0 info it worked if it ends with ok
1 verbose cli [ '/usr/local/bin/node',
1 verbose cli   '/usr/local/lib/node_modules/dnpm/node_modules/.bin/npm',
1 verbose cli   '--userconfig=/Users/didi/.dnpmrc',
1 verbose cli   '--disturl=https://npm.taobao.org/mirrors/node',
1 verbose cli   '--registry=http://registry.npm.xiaojukeji.com',
1 verbose cli   'login' ]
2 info using npm@3.10.10
3 info using node@v8.9.1
4 verbose stack Error: canceled
4 verbose stack     at Interface.<anonymous> (/usr/local/lib/node_modules/dnpm/node_modules/npm/node_modules/read/lib/read.js:66:13)
4 verbose stack     at emitNone (events.js:106:13)
4 verbose stack     at Interface.emit (events.js:208:7)
4 verbose stack     at Interface._ttyWrite (readline.js:775:16)
4 verbose stack     at ReadStream.onkeypress (readline.js:160:10)
4 verbose stack     at emitTwo (events.js:126:13)
4 verbose stack     at ReadStream.emit (events.js:214:7)
4 verbose stack     at emitKeys (internal/readline.js:420:14)
4 verbose stack     at emitKeys.next (<anonymous>)
4 verbose stack     at ReadStream.onData (readline.js:1011:36)
5 verbose cwd /Users/didi/work/my/msdlisper.github.io/_posts
6 error Darwin 16.7.0
7 error argv "/usr/local/bin/node" "/usr/local/lib/node_modules/dnpm/node_modules/.bin/npm" "--userconfig=/Users/didi/.dnpmrc" "--disturl=https://npm.taobao.org/mirrors/node" "--registry=http://registry.npm.xiaojukeji.com" "login"
8 error node v8.9.1
9 error npm  v3.10.10
10 error canceled
11 error If you need help, you may report this error at:
11 error     <https://github.com/npm/npm/issues>
12 verbose exit [ 1, true ]
